2020-06-09T19:33:09 fasterq-dump.2.9.6 sys: error unknown while reading file within network system module - mbedtls_ssl_read returned -76 ( NET - Reading information from the socket failed )
2020-06-09T19:33:22 fasterq-dump.2.9.6 sys: error unknown while reading file within network system module - mbedtls_ssl_read returned -76 ( NET - Reading information from the socket failed )
2020-06-09T19:34:45 fasterq-dump.2.9.6 sys: error unknown while reading file within network system module - mbedtls_ssl_read returned -76 ( NET - Reading information from the socket failed )
2020-06-09T19:34:49 fasterq-dump.2.9.6 sys: error unknown while reading file within network system module - mbedtls_ssl_read returned -76 ( NET - Reading information from the socket failed )
2020-06-09T19:35:01 fasterq-dump.2.9.6 sys: error unknown while reading file within network system module - mbedtls_ssl_read returned -76 ( NET - Reading information from the socket failed )
2020-06-09T19:35:38 fasterq-dump.2.9.6 sys: error unknown while reading file within network system module - mbedtls_ssl_read returned -76 ( NET - Reading information from the socket failed )
2020-06-09T19:35:55 fasterq-dump.2.9.6 sys: error unknown while reading file within network system module - mbedtls_ssl_read returned -76 ( NET - Reading information from the socket failed )
2020-06-09T19:36:40 fasterq-dump.2.9.6 sys: error unknown while reading file within network system module - mbedtls_ssl_read returned -76 ( NET - Reading information from the socket failed )
2020-06-09T19:39:02 fasterq-dump.2.9.6 sys: connection busy while validating within network system module - Failed to Make Connection in KClientHttpOpen to 'sra-downloadb.be-md.ncbi.nlm.nih.gov:443'
2020-06-09T19:40:12 fasterq-dump.2.9.6 sys: error unknown while reading file within network system module - mbedtls_ssl_read returned -76 ( NET - Reading information from the socket failed )
2020-06-09T19:40:18 fasterq-dump.2.9.6 sys: error unknown while reading file within network system module - mbedtls_ssl_read returned -76 ( NET - Reading information from the socket failed )
2020-06-09T19:40:21 fasterq-dump.2.9.6 sys: error unknown while reading file within network system module - mbedtls_ssl_read returned -76 ( NET - Reading information from the socket failed )
2020-06-09T19:40:44 fasterq-dump.2.9.6 sys: error unknown while reading file within network system module - mbedtls_ssl_read returned -76 ( NET - Reading information from the socket failed )
2020-06-09T19:42:00 fasterq-dump.2.9.6 sys: error unknown while reading file within network system module - mbedtls_ssl_read returned -76 ( NET - Reading information from the socket failed )
spots read      : 10,750,017
reads read      : 21,500,034
reads written   : 21,500,034
2020-06-09T19:47:20 fasterq-dump.2.9.6 sys: error unknown while reading file within network system module - mbedtls_ssl_read returned -76 ( NET - Reading information from the socket failed )
2020-06-09T19:49:08 fasterq-dump.2.9.6 sys: error unknown while reading file within network system module - mbedtls_ssl_read returned -76 ( NET - Reading information from the socket failed )
2020-06-09T19:50:14 fasterq-dump.2.9.6 sys: error unknown while reading file within network system module - mbedtls_ssl_read returned -76 ( NET - Reading information from the socket failed )
2020-06-09T19:51:09 fasterq-dump.2.9.6 sys: error unknown while reading file within network system module - mbedtls_ssl_read returned -76 ( NET - Reading information from the socket failed )
2020-06-09T19:52:17 fasterq-dump.2.9.6 sys: error unknown while reading file within network system module - mbedtls_ssl_read returned -76 ( NET - Reading information from the socket failed )
2020-06-09T19:53:23 fasterq-dump.2.9.6 sys: error unknown while reading file within network system module - mbedtls_ssl_read returned -76 ( NET - Reading information from the socket failed )
2020-06-09T19:53:32 fasterq-dump.2.9.6 sys: error unknown while reading file within network system module - mbedtls_ssl_read returned -76 ( NET - Reading information from the socket failed )
2020-06-09T19:54:25 fasterq-dump.2.9.6 sys: error unknown while reading file within network system module - mbedtls_ssl_read returned -76 ( NET - Reading information from the socket failed )
2020-06-09T19:57:30 fasterq-dump.2.9.6 sys: error unknown while reading file within network system module - mbedtls_ssl_read returned -76 ( NET - Reading information from the socket failed )
2020-06-09T19:58:11 fasterq-dump.2.9.6 sys: error unknown while reading file within network system module - mbedtls_ssl_read returned -76 ( NET - Reading information from the socket failed )
2020-06-09T19:58:25 fasterq-dump.2.9.6 sys: error unknown while reading file within network system module - mbedtls_ssl_read returned -76 ( NET - Reading information from the socket failed )
2020-06-09T19:59:09 fasterq-dump.2.9.6 sys: error unknown while reading file within network system module - mbedtls_ssl_read returned -76 ( NET - Reading information from the socket failed )
2020-06-09T19:59:21 fasterq-dump.2.9.6 sys: error unknown while reading file within network system module - mbedtls_ssl_read returned -76 ( NET - Reading information from the socket failed )
2020-06-09T20:00:00 fasterq-dump.2.9.6 sys: error unknown while reading file within network system module - mbedtls_ssl_read returned -76 ( NET - Reading information from the socket failed )
2020-06-09T20:00:16 fasterq-dump.2.9.6 sys: error unknown while reading file within network system module - mbedtls_ssl_read returned -76 ( NET - Reading information from the socket failed )
2020-06-09T20:00:27 fasterq-dump.2.9.6 sys: error unknown while reading file within network system module - mbedtls_ssl_read returned -76 ( NET - Reading information from the socket failed )
2020-06-09T20:00:27 fasterq-dump.2.9.6 sys: error unknown while reading file within network system module - mbedtls_ssl_read returned -76 ( NET - Reading information from the socket failed )
2020-06-09T20:01:22 fasterq-dump.2.9.6 sys: error unknown while reading file within network system module - mbedtls_ssl_read returned -76 ( NET - Reading information from the socket failed )
2020-06-09T20:01:44 fasterq-dump.2.9.6 sys: error unknown while reading file within network system module - mbedtls_ssl_read returned -76 ( NET - Reading information from the socket failed )
2020-06-09T20:02:16 fasterq-dump.2.9.6 sys: error unknown while reading file within network system module - mbedtls_ssl_read returned -76 ( NET - Reading information from the socket failed )
2020-06-09T20:02:51 fasterq-dump.2.9.6 sys: error unknown while reading file within network system module - mbedtls_ssl_read returned -76 ( NET - Reading information from the socket failed )
spots read      : 17,158,723
reads read      : 34,317,446
reads written   : 34,317,446
2020-06-09T20:06:35 fasterq-dump.2.9.6 sys: error unknown while reading file within network system module - mbedtls_ssl_read returned -76 ( NET - Reading information from the socket failed )
2020-06-09T20:06:54 fasterq-dump.2.9.6 sys: error unknown while reading file within network system module - mbedtls_ssl_read returned -76 ( NET - Reading information from the socket failed )
2020-06-09T20:07:26 fasterq-dump.2.9.6 sys: error unknown while reading file within network system module - mbedtls_ssl_read returned -76 ( NET - Reading information from the socket failed )
2020-06-09T20:07:37 fasterq-dump.2.9.6 sys: error unknown while reading file within network system module - mbedtls_ssl_read returned -76 ( NET - Reading information from the socket failed )
2020-06-09T20:08:27 fasterq-dump.2.9.6 sys: error unknown while reading file within network system module - mbedtls_ssl_read returned -76 ( NET - Reading information from the socket failed )
2020-06-09T20:08:31 fasterq-dump.2.9.6 sys: error unknown while reading file within network system module - mbedtls_ssl_read returned -76 ( NET - Reading information from the socket failed )
2020-06-09T20:08:42 fasterq-dump.2.9.6 sys: error unknown while reading file within network system module - mbedtls_ssl_read returned -76 ( NET - Reading information from the socket failed )
2020-06-09T20:09:06 fasterq-dump.2.9.6 sys: error unknown while reading file within network system module - mbedtls_ssl_read returned -76 ( NET - Reading information from the socket failed )
2020-06-09T20:09:09 fasterq-dump.2.9.6 sys: timeout exhausted while reading file within network system module - mbedtls_ssl_read returned -76 ( NET - Reading information from the socket failed )
2020-06-09T20:09:11 fasterq-dump.2.9.6 sys: error unknown while reading file within network system module - mbedtls_ssl_read returned -76 ( NET - Reading information from the socket failed )
2020-06-09T20:09:38 fasterq-dump.2.9.6 sys: timeout exhausted while reading file within network system module - mbedtls_ssl_read returned -76 ( NET - Reading information from the socket failed )
2020-06-09T20:09:41 fasterq-dump.2.9.6 sys: timeout exhausted while reading file within network system module - mbedtls_ssl_read returned -76 ( NET - Reading information from the socket failed )
2020-06-09T20:09:47 fasterq-dump.2.9.6 sys: error unknown while reading file within network system module - mbedtls_ssl_read returned -76 ( NET - Reading information from the socket failed )
2020-06-09T20:09:47 fasterq-dump.2.9.6 sys: error unknown while reading file within network system module - mbedtls_ssl_read returned -76 ( NET - Reading information from the socket failed )
2020-06-09T20:09:51 fasterq-dump.2.9.6 sys: error unknown while reading file within network system module - mbedtls_ssl_read returned -76 ( NET - Reading information from the socket failed )
2020-06-09T20:10:01 fasterq-dump.2.9.6 sys: error unknown while reading file within network system module - mbedtls_ssl_read returned -76 ( NET - Reading information from the socket failed )
2020-06-09T20:10:09 fasterq-dump.2.9.6 sys: error unknown while reading file within network system module - mbedtls_ssl_read returned -76 ( NET - Reading information from the socket failed )
2020-06-09T20:10:13 fasterq-dump.2.9.6 sys: error unknown while reading file within network system module - mbedtls_ssl_read returned -76 ( NET - Reading information from the socket failed )
2020-06-09T20:10:14 fasterq-dump.2.9.6 sys: error unknown while reading file within network system module - mbedtls_ssl_read returned -76 ( NET - Reading information from the socket failed )
2020-06-09T20:10:14 fasterq-dump.2.9.6 sys: error unknown while reading file within network system module - mbedtls_ssl_read returned -76 ( NET - Reading information from the socket failed )
2020-06-09T20:10:17 fasterq-dump.2.9.6 sys: error unknown while reading file within network system module - mbedtls_ssl_read returned -76 ( NET - Reading information from the socket failed )
2020-06-09T20:10:19 fasterq-dump.2.9.6 sys: error unknown while reading file within network system module - mbedtls_ssl_read returned -76 ( NET - Reading information from the socket failed )
2020-06-09T20:10:21 fasterq-dump.2.9.6 sys: error unknown while reading file within network system module - mbedtls_ssl_read returned -76 ( NET - Reading information from the socket failed )
2020-06-09T20:10:21 fasterq-dump.2.9.6 sys: error unknown while reading file within network system module - mbedtls_ssl_read returned -76 ( NET - Reading information from the socket failed )
2020-06-09T20:10:21 fasterq-dump.2.9.6 sys: error unknown while reading file within network system module - mbedtls_ssl_read returned -76 ( NET - Reading information from the socket failed )
2020-06-09T20:10:22 fasterq-dump.2.9.6 sys: error unknown while reading file within network system module - mbedtls_ssl_read returned -76 ( NET - Reading information from the socket failed )
2020-06-09T20:10:22 fasterq-dump.2.9.6 sys: error unknown while reading file within network system module - mbedtls_ssl_read returned -76 ( NET - Reading information from the socket failed )
2020-06-09T20:10:23 fasterq-dump.2.9.6 sys: error unknown while reading file within network system module - mbedtls_ssl_read returned -76 ( NET - Reading information from the socket failed )
2020-06-09T20:10:24 fasterq-dump.2.9.6 err: incomplete while reading within network system module - Failed to KHttpFileRead('https://sra-downloadb.be-md.ncbi.nlm.nih.gov/sos2/sra-pub-run-7/SRR828661/SRR828661.4' (130.14.250.27), 32768) from '172.16.138.28'
2020-06-09T20:10:25 fasterq-dump.2.9.6 sys: error unknown while reading file within network system module - mbedtls_ssl_read returned -76 ( NET - Reading information from the socket failed )
2020-06-09T20:10:25 fasterq-dump.2.9.6 sys: error unknown while reading file within network system module - mbedtls_ssl_read returned -76 ( NET - Reading information from the socket failed )
2020-06-09T20:10:29 fasterq-dump.2.9.6 sys: error unknown while reading file within network system module - mbedtls_ssl_read returned -76 ( NET - Reading information from the socket failed )
2020-06-09T20:10:34 fasterq-dump.2.9.6 sys: error unknown while reading file within network system module - mbedtls_ssl_read returned -76 ( NET - Reading information from the socket failed )
2020-06-09T20:10:36 fasterq-dump.2.9.6 sys: error unknown while reading file within network system module - mbedtls_ssl_read returned -76 ( NET - Reading information from the socket failed )
2020-06-09T20:10:38 fasterq-dump.2.9.6 sys: error unknown while reading file within network system module - mbedtls_ssl_read returned -76 ( NET - Reading information from the socket failed )
2020-06-09T20:10:55 fasterq-dump.2.9.6 sys: error unknown while reading file within network system module - mbedtls_ssl_read returned -76 ( NET - Reading information from the socket failed )
2020-06-09T20:10:58 fasterq-dump.2.9.6 sys: error unknown while reading file within network system module - mbedtls_ssl_read returned -76 ( NET - Reading information from the socket failed )
2020-06-09T20:11:24 fasterq-dump.2.9.6 sys: error unknown while reading file within network system module - mbedtls_ssl_read returned -76 ( NET - Reading information from the socket failed )
2020-06-09T20:11:25 fasterq-dump.2.9.6 sys: error unknown while reading file within network system module - mbedtls_ssl_read returned -76 ( NET - Reading information from the socket failed )
2020-06-09T20:12:23 fasterq-dump.2.9.6 sys: error unknown while reading file within network system module - mbedtls_ssl_read returned -76 ( NET - Reading information from the socket failed )
2020-06-09T20:12:47 fasterq-dump.2.9.6 sys: error unknown while reading file within network system module - mbedtls_ssl_read returned -76 ( NET - Reading information from the socket failed )
2020-06-09T20:12:49 fasterq-dump.2.9.6 sys: error unknown while reading file within network system module - mbedtls_ssl_read returned -76 ( NET - Reading information from the socket failed )
2020-06-09T20:13:19 fasterq-dump.2.9.6 sys: error unknown while reading file within network system module - mbedtls_ssl_read returned -76 ( NET - Reading information from the socket failed )
2020-06-09T20:13:19 fasterq-dump.2.9.6 sys: error unknown while reading file within network system module - mbedtls_ssl_read returned -76 ( NET - Reading information from the socket failed )
2020-06-09T20:13:27 fasterq-dump.2.9.6 sys: error unknown while reading file within network system module - mbedtls_ssl_read returned -76 ( NET - Reading information from the socket failed )
2020-06-09T20:13:35 fasterq-dump.2.9.6 sys: error unknown while reading file within network system module - mbedtls_ssl_read returned -76 ( NET - Reading information from the socket failed )
2020-06-09T20:13:42 fasterq-dump.2.9.6 sys: error unknown while reading file within network system module - mbedtls_ssl_read returned -76 ( NET - Reading information from the socket failed )
2020-06-09T20:13:58 fasterq-dump.2.9.6 sys: error unknown while reading file within network system module - mbedtls_ssl_read returned -76 ( NET - Reading information from the socket failed )
2020-06-09T20:14:01 fasterq-dump.2.9.6 sys: error unknown while reading file within network system module - mbedtls_ssl_read returned -76 ( NET - Reading information from the socket failed )
2020-06-09T20:14:02 fasterq-dump.2.9.6 sys: error unknown while reading file within network system module - mbedtls_ssl_read returned -76 ( NET - Reading information from the socket failed )
2020-06-09T20:14:03 fasterq-dump.2.9.6 sys: error unknown while reading file within network system module - mbedtls_ssl_read returned -76 ( NET - Reading information from the socket failed )
2020-06-09T20:14:12 fasterq-dump.2.9.6 sys: error unknown while reading file within network system module - mbedtls_ssl_read returned -76 ( NET - Reading information from the socket failed )
2020-06-09T20:14:41 fasterq-dump.2.9.6 sys: error unknown while reading file within network system module - mbedtls_ssl_read returned -76 ( NET - Reading information from the socket failed )
2020-06-09T20:14:54 fasterq-dump.2.9.6 sys: error unknown while reading file within network system module - mbedtls_ssl_read returned -76 ( NET - Reading information from the socket failed )
2020-06-09T20:14:57 fasterq-dump.2.9.6 sys: error unknown while reading file within network system module - mbedtls_ssl_read returned -76 ( NET - Reading information from the socket failed )
2020-06-09T20:15:25 fasterq-dump.2.9.6 sys: error unknown while reading file within network system module - mbedtls_ssl_read returned -76 ( NET - Reading information from the socket failed )
2020-06-09T20:15:26 fasterq-dump.2.9.6 sys: error unknown while reading file within network system module - mbedtls_ssl_read returned -76 ( NET - Reading information from the socket failed )
2020-06-09T20:15:31 fasterq-dump.2.9.6 sys: error unknown while reading file within network system module - mbedtls_ssl_read returned -76 ( NET - Reading information from the socket failed )
2020-06-09T20:15:32 fasterq-dump.2.9.6 sys: error unknown while reading file within network system module - mbedtls_ssl_read returned -76 ( NET - Reading information from the socket failed )
2020-06-09T20:15:34 fasterq-dump.2.9.6 sys: error unknown while reading file within network system module - mbedtls_ssl_read returned -76 ( NET - Reading information from the socket failed )
2020-06-09T20:16:25 fasterq-dump.2.9.6 sys: error unknown while reading file within network system module - mbedtls_ssl_read returned -76 ( NET - Reading information from the socket failed )
2020-06-09T20:16:25 fasterq-dump.2.9.6 sys: error unknown while reading file within network system module - mbedtls_ssl_read returned -76 ( NET - Reading information from the socket failed )
2020-06-09T20:16:28 fasterq-dump.2.9.6 sys: error unknown while reading file within network system module - mbedtls_ssl_read returned -76 ( NET - Reading information from the socket failed )
2020-06-09T20:16:36 fasterq-dump.2.9.6 sys: error unknown while reading file within network system module - mbedtls_ssl_read returned -76 ( NET - Reading information from the socket failed )
2020-06-09T20:16:43 fasterq-dump.2.9.6 sys: error unknown while reading file within network system module - mbedtls_ssl_read returned -76 ( NET - Reading information from the socket failed )
2020-06-09T20:17:17 fasterq-dump.2.9.6 sys: error unknown while reading file within network system module - mbedtls_ssl_read returned -76 ( NET - Reading information from the socket failed )
2020-06-09T20:17:49 fasterq-dump.2.9.6 sys: error unknown while reading file within network system module - mbedtls_ssl_read returned -76 ( NET - Reading information from the socket failed )
2020-06-09T20:18:00 fasterq-dump.2.9.6 sys: error unknown while reading file within network system module - mbedtls_ssl_read returned -76 ( NET - Reading information from the socket failed )
2020-06-09T20:18:09 fasterq-dump.2.9.6 sys: error unknown while reading file within network system module - mbedtls_ssl_read returned -76 ( NET - Reading information from the socket failed )
spots read      : 12,181,686
reads read      : 24,363,372
reads written   : 24,363,372
